<?xml version="1.0" encoding="UTF-8"?>
<testng-results skipped="0" failed="0" ignored="0" total="1" passed="1">
  <reporter-output>
  </reporter-output>
  <suite name="Suite" duration-ms="711" started-at="2018-08-09T09:03:55Z" finished-at="2018-08-09T09:03:56Z">
    <groups>
    </groups>
    <test name="Test" duration-ms="711" started-at="2018-08-09T09:03:55Z" finished-at="2018-08-09T09:03:56Z">
      <class name="Case.TestWeb">
        <test-method status="PASS" signature="beforeTest()[pri:0, instance:Case.TestWeb@536aaa8d]" name="beforeTest" is-config="true" duration-ms="11" started-at="2018-08-09T09:03:55Z" finished-at="2018-08-09T09:03:55Z">
          <reporter-output>
          </reporter-output>
        </test-method> <!-- beforeTest -->
        <test-method status="PASS" signature="beforeClass()[pri:0, instance:Case.TestWeb@536aaa8d]" name="beforeClass" is-config="true" duration-ms="0" started-at="2018-08-09T09:03:55Z" finished-at="2018-08-09T09:03:55Z">
          <reporter-output>
          </reporter-output>
        </test-method> <!-- beforeClass -->
        <test-method status="PASS" signature="beforeMethod()[pri:0, instance:Case.TestWeb@536aaa8d]" name="beforeMethod" is-config="true" duration-ms="0" started-at="2018-08-09T09:03:55Z" finished-at="2018-08-09T09:03:55Z">
          <reporter-output>
          </reporter-output>
        </test-method> <!-- beforeMethod -->
        <test-method status="PASS" signature="testWeb()[pri:0, instance:Case.TestWeb@536aaa8d]" name="testWeb" duration-ms="676" started-at="2018-08-09T09:03:55Z" finished-at="2018-08-09T09:03:56Z">
          <reporter-output>
          </reporter-output>
        </test-method> <!-- testWeb -->
        <test-method status="PASS" signature="afterMethod()[pri:0, instance:Case.TestWeb@536aaa8d]" name="afterMethod" is-config="true" duration-ms="0" started-at="2018-08-09T09:03:56Z" finished-at="2018-08-09T09:03:56Z">
          <reporter-output>
          </reporter-output>
        </test-method> <!-- afterMethod -->
        <test-method status="PASS" signature="afterClass()[pri:0, instance:Case.TestWeb@536aaa8d]" name="afterClass" is-config="true" duration-ms="0" started-at="2018-08-09T09:03:56Z" finished-at="2018-08-09T09:03:56Z">
          <reporter-output>
          </reporter-output>
        </test-method> <!-- afterClass -->
        <test-method status="PASS" signature="afterTest()[pri:0, instance:Case.TestWeb@536aaa8d]" name="afterTest" is-config="true" duration-ms="0" started-at="2018-08-09T09:03:56Z" finished-at="2018-08-09T09:03:56Z">
          <reporter-output>
          </reporter-output>
        </test-method> <!-- afterTest -->
      </class> <!-- Case.TestWeb -->
    </test> <!-- Test -->
  </suite> <!-- Suite -->
</testng-results>
